\BOOKMARK [0][]{chapter.1}{\376\377\0001\000\040\000I\000n\000d\000l\000e\000d\000n\000i\000n\000g}{}% 1
\BOOKMARK [0][]{chapter.2}{\376\377\0002\000\040\000A\000t\000\040\000k\000a\000s\000t\000e\000\040\000m\000a\000g\000i\000\040\000s\000o\000m\000\040\000e\000n\000\040\000T\000e\000m\000p\000e\000l\000k\000r\000i\000g\000e\000r}{}% 2
\BOOKMARK [1][]{section*.2}{\376\377\000G\000e\000n\000e\000r\000e\000l\000l\000e\000\040\000r\000e\000g\000l\000e\000r\000\040\000o\000m\000\040\000M\000a\000g\000i}{chapter.2}% 3
\BOOKMARK [2][]{subsection*.3}{\376\377\000M\000a\000g\000i\000e\000n\000s\000\040\000e\000l\000v\000e\000\040\000b\000u\000d}{section*.2}% 4
\BOOKMARK [2][]{subsection*.4}{\376\377\000A\000t\000\040\000k\000a\000s\000t\000e\000\040\000m\000a\000g\000i}{section*.2}% 5
\BOOKMARK [1][]{section*.6}{\376\377\000A\000l\000t\000a\000r}{chapter.2}% 6
\BOOKMARK [1][]{section*.7}{\376\377\000G\000e\000n\000v\000i\000n\000d\000e\000\040\000m\000a\000n\000a\000\040\000s\000o\000m\000\040\000t\000e\000m\000p\000e\000l\000k\000r\000i\000g\000e\000r}{chapter.2}% 7
\BOOKMARK [0][]{chapter.3}{\376\377\0003\000\040\000N\000i\000v\000e\000a\000u\000\040\0001}{}% 8
\BOOKMARK [1][]{section*.9}{\376\377\000E\000v\000n\000e\000\040\000b\000e\000s\000k\000r\000i\000v\000e\000l\000s\000e}{chapter.3}% 9
\BOOKMARK [2][]{subsection*.10}{\376\377\000E\000k\000s\000t\000r\000a\000\040\000L\000P\000\040\000N\000i\000v\000.\000\040\0001}{section*.9}% 10
\BOOKMARK [2][]{subsection*.11}{\376\377\000I\000n\000d\000k\000o\000m\000s\000t}{section*.9}% 11
\BOOKMARK [2][]{subsection*.12}{\376\377\000H\000e\000l\000l\000i\000g\000\040\000G\000u\000n\000s\000t\000\040\000N\000i\000v\000.\000\040\0001}{section*.9}% 12
\BOOKMARK [0][]{chapter.4}{\376\377\0004\000\040\000N\000i\000v\000e\000a\000u\000\040\0002}{}% 13
\BOOKMARK [1][]{section*.14}{\376\377\000E\000v\000n\000e\000\040\000b\000e\000s\000k\000r\000i\000v\000e\000l\000s\000e}{chapter.4}% 14
\BOOKMARK [2][]{subsection*.15}{\376\377\000E\000k\000s\000t\000r\000a\000\040\000L\000P\000\040\000N\000i\000v\000.\000\040\0002}{section*.14}% 15
\BOOKMARK [2][]{subsection*.16}{\376\377\000E\000k\000s\000t\000r\000a\000\040\000N\000K\000\040\000N\000i\000v\000.\000\040\0001}{section*.14}% 16
\BOOKMARK [2][]{subsection*.17}{\376\377\000H\000e\000l\000l\000i\000g\000t\000\040\000v\000\345\000b\000e\000n}{section*.14}% 17
\BOOKMARK [2][]{subsection*.18}{\376\377\000K\000i\000r\000k\000e\000s\000k\000a\000t\000\040\000N\000i\000v\000.\000\040\0001}{section*.14}% 18
\BOOKMARK [2][]{subsection*.19}{\376\377\000G\000i\000v\000\040\000S\000a\000l\000v\000e}{section*.14}% 19
\BOOKMARK [0][]{chapter.5}{\376\377\0005\000\040\000N\000i\000v\000e\000a\000u\000\040\0003}{}% 20
\BOOKMARK [1][]{section*.21}{\376\377\000E\000v\000n\000e\000\040\000b\000e\000s\000k\000r\000i\000v\000e\000l\000s\000e}{chapter.5}% 21
\BOOKMARK [2][]{subsection*.22}{\376\377\000E\000k\000s\000t\000r\000a\000\040\000N\000K\000\040\000N\000i\000v\000.\000\040\0002}{section*.21}% 22
\BOOKMARK [2][]{subsection*.23}{\376\377\000L\000\346\000s\000e\000\040\000o\000g\000\040\000s\000k\000r\000i\000v\000e\000\040\000H\000e\000l\000l\000i\000g}{section*.21}% 23
\BOOKMARK [2][]{subsection*.25}{\376\377\000H\000e\000l\000l\000i\000g\000\040\000G\000u\000n\000s\000t\000\040\000N\000i\000v\000.\000\040\0002}{section*.21}% 24
\BOOKMARK [2][]{subsection*.26}{\376\377\000H\000e\000l\000l\000i\000g\000\040\000B\000u\000e\000s\000k\000y\000t\000t\000e}{section*.21}% 25
\BOOKMARK [2][]{subsection*.27}{\376\377\000H\000e\000l\000l\000i\000g\000\040\000O\000a\000s\000e}{section*.21}% 26
\BOOKMARK [0][]{chapter.6}{\376\377\0006\000\040\000N\000i\000v\000e\000a\000u\000\040\0004}{}% 27
\BOOKMARK [1][]{section*.29}{\376\377\000E\000v\000n\000e\000\040\000b\000e\000s\000k\000r\000i\000v\000e\000l\000s\000e}{chapter.6}% 28
\BOOKMARK [2][]{subsection*.30}{\376\377\000H\000e\000l\000l\000i\000g\000\040\000H\000\346\000r\000g\000e}{section*.29}% 29
\BOOKMARK [2][]{subsection*.31}{\376\377\000V\000e\000l\000s\000i\000g\000n\000e\000t\000\040\000V\000\345\000b\000e\000n}{section*.29}% 30
\BOOKMARK [2][]{subsection*.32}{\376\377\000V\000e\000l\000s\000i\000g\000n\000e\000t\000\040\000L\000e\000g\000m\000e}{section*.29}% 31
\BOOKMARK [2][]{subsection*.33}{\376\377\000H\000e\000l\000l\000i\000g\000t\000\040\000V\000a\000n\000d}{section*.29}% 32
\BOOKMARK [0][]{chapter.7}{\376\377\0007\000\040\000G\000e\000n\000e\000r\000e\000l\000l\000e\000\040\000e\000v\000n\000e\000r}{}% 33
\BOOKMARK [1][]{section*.35}{\376\377\000E\000v\000n\000e\000\040\000b\000e\000s\000k\000r\000i\000v\000e\000l\000s\000e}{chapter.7}% 34
\BOOKMARK [2][]{subsection*.36}{\376\377\0006\000.\000\040\000s\000a\000n\000s}{section*.35}% 35
\BOOKMARK [2][]{subsection*.37}{\376\377\000B\000o\000n\000k}{section*.35}% 36
\BOOKMARK [2][]{subsection*.38}{\376\377\000B\000r\000u\000g\000\040\000a\000f\000\040\000p\000i\000s\000t\000o\000l}{section*.35}% 37
\BOOKMARK [2][]{subsection*.39}{\376\377\000B\000\346\000r\000e\000\040\000p\000e\000r\000s\000o\000n}{section*.35}% 38
\BOOKMARK [2][]{subsection*.40}{\376\377\000F\000\370\000r\000s\000t\000e\000h\000j\000\346\000l\000p}{section*.35}% 39
\BOOKMARK [2][]{subsection*.41}{\376\377\000M\000i\000n\000e\000a\000r\000b\000e\000j\000d\000e\000r}{section*.35}% 40
\BOOKMARK [2][]{subsection*.42}{\376\377\000P\000\345\000f\000\370\000r\000\040\000g\000i\000f\000t}{section*.35}% 41
\BOOKMARK [2][]{subsection*.43}{\376\377\000S\000a\000m\000l\000e\000r}{section*.35}% 42
\BOOKMARK [2][]{subsection*.44}{\376\377\000S\000l\000a\000g\000s\000b\000r\000o\000r\000\040\000N\000i\000v\000.\000\040\0001}{section*.35}% 43
\BOOKMARK [2][]{subsection*.45}{\376\377\000S\000l\000a\000g\000s\000b\000r\000o\000r\000\040\000N\000i\000v\000.\000\040\0002}{section*.35}% 44
\BOOKMARK [2][]{subsection*.46}{\376\377\000S\000l\000a\000g\000s\000b\000r\000o\000r\000\040\000N\000i\000v\000.\000\040\0003}{section*.35}% 45
\BOOKMARK [2][]{subsection*.47}{\376\377\000S\000p\000e\000c\000i\000a\000l\000e}{section*.35}% 46
\BOOKMARK [2][]{subsection*.48}{\376\377\000U\000r\000t\000e\000s\000a\000m\000l\000e\000r}{section*.35}% 47
